-------------------------------------------------------------------------------
Test set: com.amazonaws.lambda.demo.LambdaFunctionHandlerTest
-------------------------------------------------------------------------------
Tests run: 1, Failures: 1, Errors: 0, Skipped: 0, Time elapsed: 2.472 sec <<< FAILURE!
testLambdaFunctionHandler(com.amazonaws.lambda.demo.LambdaFunctionHandlerTest)  Time elapsed: 2.404 sec  <<< FAILURE!
org.junit.ComparisonFailure: expected:<[Hello from Lambda!]> but was:<[{"alias":"dev","config":"{'DB':{'ENDPOINT':'dev-db.appcohesion.io','ENDPOINTUSERNAME':'cctuser','ENDPOINTPASSWORD':'rJ65MqHWPHVu2fiZ','ENDPOINTDBNAME':'retailer_portal'},'ELASTIC_SEARCH':{'HOST':'search-cct-elastic-search-dev-elbjgswllnev4qwvvwwm4ilebe.us-east-1.es.amazonaws.com', 'URL':'https://search-cct-elastic-search-dev-elbjgswllnev4qwvvwwm4ilebe.us-east-1.es.amazonaws.com','CATEGORY_DRILLDOWN_INDEX':'categorydrilldown_staging', 'LOOKUP_INDEX':'lookup', 'LISTVIEW_INDEX':'appcolistview'},'COGNITO_USERPOOL':{'POOL_ID':'us-east-1_qrVuqPIVK','CLIENT_ID':'2m23b4njl67ofa7qs1bu5s8ikf'}, 'ACH_PAYMENT':{'EMAIL_ID':'prasath2005@gmail.com,umesh@innovationincubator.com'},'POS_INTEGRATION':{'ITEM_BASE_URL':'http://app-dev.appcohesion.io'}, 'ElasticSearchLambda':'elasticSearchUtility', 'AuthorizationLambda':'JavaUtility', 'ManufacturerAuthorizationLambda':'manufacturerAuthUtil'}"}]>
	at org.junit.Assert.assertEquals(Assert.java:115)
	at org.junit.Assert.assertEquals(Assert.java:144)
	at com.amazonaws.lambda.demo.LambdaFunctionHandlerTest.testLambdaFunctionHandler(LambdaFunctionHandlerTest.java:41)
	at sun.reflect.NativeMethodAccessorImpl.invoke0(Native Method)
	at sun.reflect.NativeMethodAccessorImpl.invoke(NativeMethodAccessorImpl.java:62)
	at sun.reflect.DelegatingMethodAccessorImpl.invoke(DelegatingMethodAccessorImpl.java:43)
	at java.lang.reflect.Method.invoke(Method.java:498)
	at org.junit.runners.model.FrameworkMethod$1.runReflectiveCall(FrameworkMethod.java:50)
	at org.junit.internal.runners.model.ReflectiveCallable.run(ReflectiveCallable.java:12)
	at org.junit.runners.model.FrameworkMethod.invokeExplosively(FrameworkMethod.java:47)
	at org.junit.internal.runners.statements.InvokeMethod.evaluate(InvokeMethod.java:17)
	at org.junit.runners.ParentRunner.runLeaf(ParentRunner.java:325)
	at org.junit.runners.BlockJUnit4ClassRunner.runChild(BlockJUnit4ClassRunner.java:78)
	at org.junit.runners.BlockJUnit4ClassRunner.runChild(BlockJUnit4ClassRunner.java:57)
	at org.junit.runners.ParentRunner$3.run(ParentRunner.java:290)
	at org.junit.runners.ParentRunner$1.schedule(ParentRunner.java:71)
	at org.junit.runners.ParentRunner.runChildren(ParentRunner.java:288)
	at org.junit.runners.ParentRunner.access$000(ParentRunner.java:58)
	at org.junit.runners.ParentRunner$2.evaluate(ParentRunner.java:268)
	at org.junit.internal.runners.statements.RunBefores.evaluate(RunBefores.java:26)
	at org.junit.runners.ParentRunner.run(ParentRunner.java:363)
	at org.apache.maven.surefire.junit4.JUnit4Provider.execute(JUnit4Provider.java:252)
	at org.apache.maven.surefire.junit4.JUnit4Provider.executeTestSet(JUnit4Provider.java:141)
	at org.apache.maven.surefire.junit4.JUnit4Provider.invoke(JUnit4Provider.java:112)
	at sun.reflect.NativeMethodAccessorImpl.invoke0(Native Method)
	at sun.reflect.NativeMethodAccessorImpl.invoke(NativeMethodAccessorImpl.java:62)
	at sun.reflect.DelegatingMethodAccessorImpl.invoke(DelegatingMethodAccessorImpl.java:43)
	at java.lang.reflect.Method.invoke(Method.java:498)
	at org.apache.maven.surefire.util.ReflectionUtils.invokeMethodWithArray(ReflectionUtils.java:189)
	at org.apache.maven.surefire.booter.ProviderFactory$ProviderProxy.invoke(ProviderFactory.java:165)
	at org.apache.maven.surefire.booter.ProviderFactory.invokeProvider(ProviderFactory.java:85)
	at org.apache.maven.surefire.booter.ForkedBooter.runSuitesInProcess(ForkedBooter.java:115)
	at org.apache.maven.surefire.booter.ForkedBooter.main(ForkedBooter.java:75)

